
**********************************************************************

Test build
build project using make

**********************************************************************
Trying to clean project using make clean
make clean
make: *** No rule to make target `clean'.  Stop.
test build FAILED
Trying to build project using make
make
gcc -c -fpic mem.c -Wall -Werror
gcc -shared -o libmem.so mem.o


test build FAILED
 (build project using make)
 make clean failed (error 2)


**********************************************************************

Test init
call Mem_Init with size = 1 page

**********************************************************************
/u/c/s/cs537-2/public/test_scripts/p3/tests/init


test init PASSED
 (call Mem_Init with size = 1 page)


**********************************************************************

Test init2
init that should be rounded up to 1 page

**********************************************************************
/u/c/s/cs537-2/public/test_scripts/p3/tests/init2


test init2 PASSED
 (init that should be rounded up to 1 page)


**********************************************************************

Test alloc
a simple 8 byte allocation

**********************************************************************
/u/c/s/cs537-2/public/test_scripts/p3/tests/alloc


test alloc PASSED
 (a simple 8 byte allocation)


**********************************************************************

Test writeable
write to a chunk from Mem_Alloc

**********************************************************************
/u/c/s/cs537-2/public/test_scripts/p3/tests/writeable


test writeable PASSED
 (write to a chunk from Mem_Alloc)


**********************************************************************

Test free
a simple allocation followed by a free

**********************************************************************
/u/c/s/cs537-2/public/test_scripts/p3/tests/free


test free PASSED
 (a simple allocation followed by a free)


**********************************************************************

Test align
check first pointer returned is 8-byte aligned

**********************************************************************
/u/c/s/cs537-2/public/test_scripts/p3/tests/align


test align PASSED
 (check first pointer returned is 8-byte aligned)


**********************************************************************

Test alloc2
a few aligned allocations

**********************************************************************
/u/c/s/cs537-2/public/test_scripts/p3/tests/alloc2


test alloc2 PASSED
 (a few aligned allocations)


**********************************************************************

Test alloc3
many odd sized allocations

**********************************************************************
/u/c/s/cs537-2/public/test_scripts/p3/tests/alloc3


test alloc3 PASSED
 (many odd sized allocations)


**********************************************************************

Test free2
a few aligned allocations and frees

**********************************************************************
/u/c/s/cs537-2/public/test_scripts/p3/tests/free2


test free2 PASSED
 (a few aligned allocations and frees)


**********************************************************************

Test free3
many odd sized allocations and interspersed frees

**********************************************************************
/u/c/s/cs537-2/public/test_scripts/p3/tests/free3


test free3 PASSED
 (many odd sized allocations and interspersed frees)


**********************************************************************

Test align2
a few allocations checked for alignment

**********************************************************************
/u/c/s/cs537-2/public/test_scripts/p3/tests/align2


test align2 PASSED
 (a few allocations checked for alignment)


**********************************************************************

Test align3
many odd sized allocations checked for alignment

**********************************************************************
/u/c/s/cs537-2/public/test_scripts/p3/tests/align3


test align3 PASSED
 (many odd sized allocations checked for alignment)


**********************************************************************

Test nospace
second allocation is too big to fit

**********************************************************************
/u/c/s/cs537-2/public/test_scripts/p3/tests/nospace


test nospace PASSED
 (second allocation is too big to fit)


**********************************************************************

Test badinit
bad arguments to Mem_Init

**********************************************************************
/u/c/s/cs537-2/public/test_scripts/p3/tests/badinit


test badinit PASSED
 (bad arguments to Mem_Init)


**********************************************************************

Test badinit2
bad arguments to Mem_Init

**********************************************************************
/u/c/s/cs537-2/public/test_scripts/p3/tests/badinit2


test badinit2 PASSED
 (bad arguments to Mem_Init)


**********************************************************************

Test doubleinit
call init twice

**********************************************************************
/u/c/s/cs537-2/public/test_scripts/p3/tests/doubleinit


test doubleinit PASSED
 (call init twice)


**********************************************************************

Test bestfit
use first free space for allocation

**********************************************************************
/u/c/s/cs537-2/public/test_scripts/p3/tests/bestfit


test bestfit PASSED
 (use first free space for allocation)


**********************************************************************

Test bestfit2
use first free space for allocation

**********************************************************************
/u/c/s/cs537-2/public/test_scripts/p3/tests/bestfit2


test bestfit2 PASSED
 (use first free space for allocation)


**********************************************************************

Test coalesce
check for coalesce free space

**********************************************************************
/u/c/s/cs537-2/public/test_scripts/p3/tests/coalesce


test coalesce PASSED
 (check for coalesce free space)


**********************************************************************

Test coalesce2
check for coalesce free space

**********************************************************************
/u/c/s/cs537-2/public/test_scripts/p3/tests/coalesce2
test coalesce2 FAILED
Traceback (most recent call last):
  File "/afs/cs.wisc.edu/p/course/cs537-legault/public/test_scripts/p3/test.py", line 183, in run_test
    test.run()
  File "/afs/cs.wisc.edu/p/course/cs537-legault/public/test_scripts/p3/ctest.py", line 9, in run
    self.runexe([os.path.join(self.path, self.name)] + self.args, status = 0)
  File "/afs/cs.wisc.edu/p/course/cs537-legault/public/test_scripts/p3/test.py", line 112, in runexe
    "Expected " + str(status) + " got " + str(child.returncode))
Failure: /u/c/s/cs537-2/public/test_scripts/p3/tests/coalesce2 returned incorrect status code. Expected 0 got -11


test coalesce2 FAILED
 (check for coalesce free space)
 /u/c/s/cs537-2/public/test_scripts/p3/tests/coalesce2 returned incorrect status code. Expected 0 got -11


**********************************************************************

Test coalesce3
check for coalesce free space

**********************************************************************
/u/c/s/cs537-2/public/test_scripts/p3/tests/coalesce3


test coalesce3 PASSED
 (check for coalesce free space)


**********************************************************************

Test coalesce4
check for coalesce free space

**********************************************************************
/u/c/s/cs537-2/public/test_scripts/p3/tests/coalesce4


test coalesce4 PASSED
 (check for coalesce free space)


**********************************************************************

Test coalesce5
check for coalesce free space (first chunk)

**********************************************************************
/u/c/s/cs537-2/public/test_scripts/p3/tests/coalesce5


test coalesce5 PASSED
 (check for coalesce free space (first chunk))


**********************************************************************

Test coalesce6
check for coalesce free space (last chunk)

**********************************************************************
/u/c/s/cs537-2/public/test_scripts/p3/tests/coalesce6
test coalesce6 FAILED
Traceback (most recent call last):
  File "/afs/cs.wisc.edu/p/course/cs537-legault/public/test_scripts/p3/test.py", line 183, in run_test
    test.run()
  File "/afs/cs.wisc.edu/p/course/cs537-legault/public/test_scripts/p3/ctest.py", line 9, in run
    self.runexe([os.path.join(self.path, self.name)] + self.args, status = 0)
  File "/afs/cs.wisc.edu/p/course/cs537-legault/public/test_scripts/p3/test.py", line 112, in runexe
    "Expected " + str(status) + " got " + str(child.returncode))
Failure: /u/c/s/cs537-2/public/test_scripts/p3/tests/coalesce6 returned incorrect status code. Expected 0 got -11


test coalesce6 FAILED
 (check for coalesce free space (last chunk))
 /u/c/s/cs537-2/public/test_scripts/p3/tests/coalesce6 returned incorrect status code. Expected 0 got -11


**********************************************************************

Test coalesce7
check for coalesce free space (two next chunks)

**********************************************************************
/u/c/s/cs537-2/public/test_scripts/p3/tests/coalesce7
test coalesce7 FAILED
Traceback (most recent call last):
  File "/afs/cs.wisc.edu/p/course/cs537-legault/public/test_scripts/p3/test.py", line 183, in run_test
    test.run()
  File "/afs/cs.wisc.edu/p/course/cs537-legault/public/test_scripts/p3/ctest.py", line 9, in run
    self.runexe([os.path.join(self.path, self.name)] + self.args, status = 0)
  File "/afs/cs.wisc.edu/p/course/cs537-legault/public/test_scripts/p3/test.py", line 112, in runexe
    "Expected " + str(status) + " got " + str(child.returncode))
Failure: /u/c/s/cs537-2/public/test_scripts/p3/tests/coalesce7 returned incorrect status code. Expected 0 got -11


test coalesce7 FAILED
 (check for coalesce free space (two next chunks))
 /u/c/s/cs537-2/public/test_scripts/p3/tests/coalesce7 returned incorrect status code. Expected 0 got -11


**********************************************************************

Test coalesce8
check for coalesce free space (2 next and 2 prev chunks)

**********************************************************************
/u/c/s/cs537-2/public/test_scripts/p3/tests/coalesce8
coalesce8: coalesce8.c:38: main: Assertion `ptr[2] != ((void *)0)' failed.
test coalesce8 FAILED
Traceback (most recent call last):
  File "/afs/cs.wisc.edu/p/course/cs537-legault/public/test_scripts/p3/test.py", line 183, in run_test
    test.run()
  File "/afs/cs.wisc.edu/p/course/cs537-legault/public/test_scripts/p3/ctest.py", line 9, in run
    self.runexe([os.path.join(self.path, self.name)] + self.args, status = 0)
  File "/afs/cs.wisc.edu/p/course/cs537-legault/public/test_scripts/p3/test.py", line 112, in runexe
    "Expected " + str(status) + " got " + str(child.returncode))
Failure: /u/c/s/cs537-2/public/test_scripts/p3/tests/coalesce8 returned incorrect status code. Expected 0 got -6


test coalesce8 FAILED
 (check for coalesce free space (2 next and 2 prev chunks))
 /u/c/s/cs537-2/public/test_scripts/p3/tests/coalesce8 returned incorrect status code. Expected 0 got -6


**********************************************************************

Test random
psuedo-random sequence of allocs and frees

**********************************************************************
/u/c/s/cs537-2/public/test_scripts/p3/random 0 10 0
time: 0.00212097167969


test random PASSED
 (psuedo-random sequence of allocs and frees)


**********************************************************************

Test random2
psuedo-random sequence of allocs and frees

**********************************************************************
/u/c/s/cs537-2/public/test_scripts/p3/random 0 1000 1
random: random.c:91: main: Assertion `memcmp(ptr[slot], shadow[slot], size[slot]) == 0' failed.
test random2 FAILED
Traceback (most recent call last):
  File "/afs/cs.wisc.edu/p/course/cs537-legault/public/test_scripts/p3/test.py", line 183, in run_test
    test.run()
  File "/afs/cs.wisc.edu/p/course/cs537-legault/public/test_scripts/p3/rand.py", line 13, in run
    status = 0)
  File "/afs/cs.wisc.edu/p/course/cs537-legault/public/test_scripts/p3/test.py", line 112, in runexe
    "Expected " + str(status) + " got " + str(child.returncode))
Failure: /u/c/s/cs537-2/public/test_scripts/p3/random returned incorrect status code. Expected 0 got -6


test random2 FAILED
 (psuedo-random sequence of allocs and frees)
 /u/c/s/cs537-2/public/test_scripts/p3/random returned incorrect status code. Expected 0 got -6


**********************************************************************

Test random3
psuedo-random sequence of allocs and frees

**********************************************************************
/u/c/s/cs537-2/public/test_scripts/p3/random 0 100000 1
test random3 FAILED
Traceback (most recent call last):
  File "/afs/cs.wisc.edu/p/course/cs537-legault/public/test_scripts/p3/test.py", line 183, in run_test
    test.run()
  File "/afs/cs.wisc.edu/p/course/cs537-legault/public/test_scripts/p3/rand.py", line 13, in run
    status = 0)
  File "/afs/cs.wisc.edu/p/course/cs537-legault/public/test_scripts/p3/test.py", line 112, in runexe
    "Expected " + str(status) + " got " + str(child.returncode))
Failure: /u/c/s/cs537-2/public/test_scripts/p3/random returned incorrect status code. Expected 0 got -11


test random3 FAILED
 (psuedo-random sequence of allocs and frees)
 /u/c/s/cs537-2/public/test_scripts/p3/random returned incorrect status code. Expected 0 got -11


**********************************************************************

Test random4
psuedo-random sequence of allocs and frees

**********************************************************************
/u/c/s/cs537-2/public/test_scripts/p3/random 1 500000 1
test random4 FAILED
Traceback (most recent call last):
  File "/afs/cs.wisc.edu/p/course/cs537-legault/public/test_scripts/p3/test.py", line 183, in run_test
    test.run()
  File "/afs/cs.wisc.edu/p/course/cs537-legault/public/test_scripts/p3/rand.py", line 13, in run
    status = 0)
  File "/afs/cs.wisc.edu/p/course/cs537-legault/public/test_scripts/p3/test.py", line 112, in runexe
    "Expected " + str(status) + " got " + str(child.returncode))
Failure: /u/c/s/cs537-2/public/test_scripts/p3/random returned incorrect status code. Expected 0 got -11


test random4 FAILED
 (psuedo-random sequence of allocs and frees)
 /u/c/s/cs537-2/public/test_scripts/p3/random returned incorrect status code. Expected 0 got -11


**********************************************************************

Test random5
psuedo-random sequence of allocs and frees

**********************************************************************
/u/c/s/cs537-2/public/test_scripts/p3/random 1 20000000 0
test random5 FAILED
Traceback (most recent call last):
  File "/afs/cs.wisc.edu/p/course/cs537-legault/public/test_scripts/p3/test.py", line 183, in run_test
    test.run()
  File "/afs/cs.wisc.edu/p/course/cs537-legault/public/test_scripts/p3/rand.py", line 13, in run
    status = 0)
  File "/afs/cs.wisc.edu/p/course/cs537-legault/public/test_scripts/p3/test.py", line 112, in runexe
    "Expected " + str(status) + " got " + str(child.returncode))
Failure: /u/c/s/cs537-2/public/test_scripts/p3/random returned incorrect status code. Expected 0 got -11


test random5 FAILED
 (psuedo-random sequence of allocs and frees)
 /u/c/s/cs537-2/public/test_scripts/p3/random returned incorrect status code. Expected 0 got -11


**********************************************************************

Test prohibit
check for prohibited library functions

**********************************************************************
objdump --dynamic-syms libmem.so
test prohibit FAILED
Traceback (most recent call last):
  File "/afs/cs.wisc.edu/p/course/cs537-legault/public/test_scripts/p3/test.py", line 183, in run_test
    test.run()
  File "/afs/cs.wisc.edu/p/course/cs537-legault/public/test_scripts/p3/prohibit.py", line 16, in run
    "malloc and related functions are not allowed in the library")
Failure: Use of 'malloc' is not allowed
malloc and related functions are not allowed in the library


test prohibit FAILED
 (check for prohibited library functions)
 Use of 'malloc' is not allowed

**********************************************************************
Summary:
test build FAILED
 (build project using make)
 make clean failed (error 2)

test init PASSED
 (call Mem_Init with size = 1 page)

test init2 PASSED
 (init that should be rounded up to 1 page)

test alloc PASSED
 (a simple 8 byte allocation)

test writeable PASSED
 (write to a chunk from Mem_Alloc)

test free PASSED
 (a simple allocation followed by a free)

test align PASSED
 (check first pointer returned is 8-byte aligned)

test alloc2 PASSED
 (a few aligned allocations)

test alloc3 PASSED
 (many odd sized allocations)

test free2 PASSED
 (a few aligned allocations and frees)

test free3 PASSED
 (many odd sized allocations and interspersed frees)

test align2 PASSED
 (a few allocations checked for alignment)

test align3 PASSED
 (many odd sized allocations checked for alignment)

test nospace PASSED
 (second allocation is too big to fit)

test badinit PASSED
 (bad arguments to Mem_Init)

test badinit2 PASSED
 (bad arguments to Mem_Init)

test doubleinit PASSED
 (call init twice)

test bestfit PASSED
 (use first free space for allocation)

test bestfit2 PASSED
 (use first free space for allocation)

test coalesce PASSED
 (check for coalesce free space)

test coalesce2 FAILED
 (check for coalesce free space)
 /u/c/s/cs537-2/public/test_scripts/p3/tests/coalesce2 returned incorrect status code. Expected 0 got -11

test coalesce3 PASSED
 (check for coalesce free space)

test coalesce4 PASSED
 (check for coalesce free space)

test coalesce5 PASSED
 (check for coalesce free space (first chunk))

test coalesce6 FAILED
 (check for coalesce free space (last chunk))
 /u/c/s/cs537-2/public/test_scripts/p3/tests/coalesce6 returned incorrect status code. Expected 0 got -11

test coalesce7 FAILED
 (check for coalesce free space (two next chunks))
 /u/c/s/cs537-2/public/test_scripts/p3/tests/coalesce7 returned incorrect status code. Expected 0 got -11

test coalesce8 FAILED
 (check for coalesce free space (2 next and 2 prev chunks))
 /u/c/s/cs537-2/public/test_scripts/p3/tests/coalesce8 returned incorrect status code. Expected 0 got -6

test random PASSED
 (psuedo-random sequence of allocs and frees)

test random2 FAILED
 (psuedo-random sequence of allocs and frees)
 /u/c/s/cs537-2/public/test_scripts/p3/random returned incorrect status code. Expected 0 got -6

test random3 FAILED
 (psuedo-random sequence of allocs and frees)
 /u/c/s/cs537-2/public/test_scripts/p3/random returned incorrect status code. Expected 0 got -11

test random4 FAILED
 (psuedo-random sequence of allocs and frees)
 /u/c/s/cs537-2/public/test_scripts/p3/random returned incorrect status code. Expected 0 got -11

test random5 FAILED
 (psuedo-random sequence of allocs and frees)
 /u/c/s/cs537-2/public/test_scripts/p3/random returned incorrect status code. Expected 0 got -11

test prohibit FAILED
 (check for prohibited library functions)
 Use of 'malloc' is not allowed

Passed 23 of 33 tests.
Overall 23 of 33
